iMPACT Version: 10.1.03

iMPACT log file Started on Thu Feb 19 07:52:09 2009

// *** BATCH CMD : loadProjectFile -file "C:\hans\rekonstrukt\ise/ise.ipf"
Connecting to cable (Usb Port - USB21).
Checking cable driver.
 Driver file xusb_xlp.sys found.
 Driver version: src=1029, dest=1029.
 Driver windrvr6.sys version = 8.1.1.0. WinDriver v8.11 Jungo (c) 1997 - 2006 Build Date: Oct 16 2006 X86 32bit SYS12:35:07, version = 811.
 Cable PID = 0008.
 Max current requested during enumeration is 74 mA.
Type = 0x0004.
 Cable Type = 3, Revision = 0.
 Setting cable speed to 6 MHz.
Cable connection established.
Firmware version = 1029.
File version of C:/Xilinx/10.1/ISE/data/xusb_xlp.hex = 1303.
Firmware hex file version = 1303.
Downloading C:/Xilinx/10.1/ISE/data/xusb_xlp.hex.
Downloaded firmware version = 1303.
PLD file version = 0012h.
 PLD version = 0012h.
'1': Loading file 'C:/hans/rekonstrukt/ise/my_system09.bit' ...
done.
INFO:iMPACT:1777 - 
   Reading C:/Xilinx/10.1/ISE/spartan3e/data/xc3s500e.bsd...
INFO:iMPACT:2257 - Startup Clock has been changed to 'JtagClk' in the bitstream   stored in memory,
   but the original bitstream file remains unchanged.
INFO:iMPACT:501 - '1': Added Device xc3s500e successfully.
----------------------------------------------------------------------
----------------------------------------------------------------------
INFO:iMPACT:1777 - 
   Reading C:/Xilinx/10.1/ISE/xcf/data/xcf04s.bsd...
INFO:iMPACT:501 - '2': Added Device xcf04s successfully.
----------------------------------------------------------------------
----------------------------------------------------------------------
'2': Loading file 'C:/hans/rekonstrukt/ise/my_system09.mcs' ...
done.
INFO:iMPACT:1777 - 
   Reading C:/Xilinx/10.1/ISE/xbr/data/xc2c64a.bsd...
INFO:iMPACT:501 - '3': Added Device xc2c64a successfully.
----------------------------------------------------------------------
----------------------------------------------------------------------
'1': Loading file 'C:/hans/rekonstrukt/ise/my_system09.bit' ...
INFO:iMPACT - Elapsed time =      0 sec.
done.
INFO:iMPACT:501 - '1': Added Device xc3s500e successfully.
----------------------------------------------------------------------
----------------------------------------------------------------------
'1': Added Device xcf04s successfully.
----------------------------------------------------------------------
Active mode is PFF
// *** BATCH CMD : setMode -bs
// *** BATCH CMD : setMode -ss
// *** BATCH CMD : setMode -sm
// *** BATCH CMD : setMode -hw140
// *** BATCH CMD : setMode -spi
// *** BATCH CMD : setMode -acecf
// *** BATCH CMD : setMode -acempm
// *** BATCH CMD : setMode -pff
// *** BATCH CMD : setMode -bs
// *** BATCH CMD : setMode -bs
// *** BATCH CMD : setMode -pff
------------------------  GUI: PFFView Wizard Data Report ------------------------
SubMode: PFF_SERIAL
MB Master Device: 
MB Mode: 
MB Chain: 
getMultiBootSelected(): FALSE
getSPISelected(): FALSE
------------------------  GUI: End PFFView Report  ------------------------
// *** BATCH CMD : setMode -pff
// *** BATCH CMD : setMode -pff
// *** BATCH CMD : setMode -bs
// *** BATCH CMD : setMode -bs
// *** BATCH CMD : setMode -pff
// *** BATCH CMD : setMode -pff
// *** BATCH CMD : setMode -bs
// *** BATCH CMD : setMode -bs
// *** BATCH CMD : setMode -pff
// *** BATCH CMD : setMode -pff
// *** BATCH CMD : setMode -bs
// *** BATCH CMD : setMode -bs
// *** BATCH CMD : setMode -pff
// *** BATCH CMD : setMode -pff
// *** BATCH CMD : setCurrentDesign -version 0
// *** BATCH CMD : setMode -pff
// *** BATCH CMD : setCurrentDeviceChain -index 0
// *** BATCH CMD : setMode -bs
// *** BATCH CMD : setMode -bs
// *** BATCH CMD : setMode -pff
// *** BATCH CMD : setMode -pff
// *** BATCH CMD : setMode -bs
// *** BATCH CMD : deleteDevice -position 3
----------------------------------------------------------------------
// *** BATCH CMD : deleteDevice -position 2
----------------------------------------------------------------------
// *** BATCH CMD : deleteDevice -position 1
// *** BATCH CMD : setMode -pff
// *** BATCH CMD : deletePromDevice -position 1
// *** BATCH CMD : setCurrentDesign -version 0
// *** BATCH CMD : deleteDevice -position 1
// *** BATCH CMD : deleteDesign -version 0
// *** BATCH CMD : setCurrentDesign -version -1
// *** BATCH CMD : setMode -bs
